<?xml version="1.0" encoding="UTF-8"?>
<!-- Generated by org.testng.reporters.JUnitReportReporter -->
<testsuite skipped="0" hostname="merves-MacBook-Pro.local" name="pomdesign.WebOrderTests" tests="3" failures="0" timestamp="10 Jul 2018 15:02:24 GMT" time="3.621" errors="0">
  <testcase name="labelsVerification" time="0.743" classname="pomdesign.WebOrderTests"/>
  <testcase name="availableProductTest" time="1.283" classname="pomdesign.WebOrderTests"/>
  <testcase name="orderPage" time="1.595" classname="pomdesign.WebOrderTests"/>
</testsuite> <!-- pomdesign.WebOrderTests -->
