<?xml version="1.0" encoding="UTF-8"?>
<!-- Generated by org.testng.reporters.JUnitReportReporter -->
<testsuite skipped="0" hostname="merves-MacBook-Pro.local" name="june30.WarmUp" tests="1" failures="0" timestamp="30 Jun 2018 16:32:51 GMT" time="10.311" errors="0">
  <testcase name="getAllProductsV1" time="10.311" classname="june30.WarmUp"/>
</testsuite> <!-- june30.WarmUp -->
