<?xml version="1.0" encoding="UTF-8"?>
<!-- Generated by org.testng.reporters.JUnitReportReporter -->
<testsuite skipped="0" hostname="merves-MacBook-Pro.local" name="webtables.HomeWork$ReadWebTables" tests="1" failures="0" timestamp="02 Jul 2018 21:13:26 GMT" time="17.011" errors="0">
  <testcase name="hashMap" time="17.011" classname="webtables.HomeWork$ReadWebTables"/>
</testsuite> <!-- webtables.HomeWork$ReadWebTables -->
