<?xml version="1.0" encoding="UTF-8"?>
<!-- Generated by org.testng.reporters.JUnitReportReporter -->
<testsuite skipped="1" hostname="merves-MacBook-Pro.local" name="pomdesign.WebOrdersLoginTests" tests="3" failures="0" timestamp="08 Jul 2018 18:45:34 GMT" time="1.496" errors="0">
  <testcase name="invalidUsernameTest" time="0.991" classname="pomdesign.WebOrdersLoginTests"/>
  <testcase name="positiveLoginUsingPOM" time="0.505" classname="pomdesign.WebOrdersLoginTests"/>
  <testcase name="positiveloginTest" classname="pomdesign.WebOrdersLoginTests">
    <skipped/>
  </testcase> <!-- positiveloginTest -->
</testsuite> <!-- pomdesign.WebOrdersLoginTests -->
