<?xml version="1.0" encoding="UTF-8"?>
<!-- Generated by org.testng.reporters.JUnitReportReporter -->
<testsuite skipped="1" hostname="merves-MacBook-Pro.local" name="webelements.WebElements" tests="3" failures="0" timestamp="27 Jun 2018 16:36:05 GMT" time="34.452" errors="0">
  <testcase name="randomly" time="28.967" classname="webelements.WebElements"/>
  <testcase name="SeleniumWebElementsForm" time="5.485" classname="webelements.WebElements"/>
  <testcase name="myLinks" classname="webelements.WebElements">
    <skipped/>
  </testcase> <!-- myLinks -->
</testsuite> <!-- webelements.WebElements -->
