<?xml version="1.0" encoding="UTF-8"?>
<!-- Generated by org.testng.reporters.JUnitReportReporter -->
<testsuite skipped="0" hostname="merves-MacBook-Pro.local" name="suitecrm.SuiteCRMTests" tests="1" failures="0" timestamp="12 Jul 2018 00:09:34 GMT" time="5.666" errors="0">
  <testcase name="test" time="5.666" classname="suitecrm.SuiteCRMTests"/>
</testsuite> <!-- suitecrm.SuiteCRMTests -->
