<?xml version="1.0" encoding="UTF-8"?>
<!-- Generated by org.testng.reporters.JUnitReportReporter -->
<testsuite skipped="2" hostname="merves-MacBook-Pro.local" name="actions.Actions_HoverOver" tests="3" failures="0" timestamp="20 Jul 2018 21:27:57 GMT" time="5.736" errors="0">
  <testcase name="dragAndDrop" time="5.736" classname="actions.Actions_HoverOver"/>
  <testcase name="scrollDown" classname="actions.Actions_HoverOver">
    <skipped/>
  </testcase> <!-- scrollDown -->
  <testcase name="action" classname="actions.Actions_HoverOver">
    <skipped/>
  </testcase> <!-- action -->
</testsuite> <!-- actions.Actions_HoverOver -->
